<?xml version="1.0" encoding="UTF-8"?>
<testsuite xmlns:xsi="http://www.w3.org/2001/XMLSchema-instance" xsi:noNamespaceSchemaLocation="https://maven.apache.org/surefire/maven-surefire-plugin/xsd/surefire-test-report-3.0.xsd" version="3.0" name="CalculatorTest" time="0.071" tests="7" errors="0" skipped="0" failures="0">
  <properties>
[...]
</properties>
  <testcase name="shouldAddBigNumbers" classname="CalculatorTest" time="0.025">
    <system-out><![CDATA[Before all
Before Each
10:38:36.285 [main] INFO  com.endava.extensions.TestReporterExtension - Starting test CalculatorTest/shouldAddBigNumbers()
-2147483648
10:38:36.288 [main] INFO  com.endava.extensions.TestReporterExtension - Finishing test CalculatorTest/shouldAddBigNumbers()
After Each
]]></system-out>
  </testcase>
  <testcase name="shouldAddMultipleOperands" classname="CalculatorTest" time="0.001">
    <system-out><![CDATA[Before Each
10:38:36.294 [main] INFO  com.endava.extensions.TestReporterExtension - Starting test CalculatorTest/shouldAddMultipleOperands()
6
10:38:36.295 [main] INFO  com.endava.extensions.TestReporterExtension - Finishing test CalculatorTest/shouldAddMultipleOperands()
After Each
]]></system-out>
  </testcase>
  <testcase name="shouldAddNoOperands" classname="CalculatorTest" time="0.001">
    <system-out><![CDATA[Before Each
10:38:36.296 [main] INFO  com.endava.extensions.TestReporterExtension - Starting test CalculatorTest/shouldAddNoOperands()
0
10:38:36.296 [main] INFO  com.endava.extensions.TestReporterExtension - Finishing test CalculatorTest/shouldAddNoOperands()
After Each
]]></system-out>
  </testcase>
  <testcase name="shouldAddNumbersGivenOperand0(int, int)[1]" classname="CalculatorTest" time="0.012">
    <system-out><![CDATA[Before Each
10:38:36.309 [main] INFO  com.endava.extensions.TestReporterExtension - Starting test CalculatorTest/[1] 0, 2
2
10:38:36.320 [main] INFO  com.endava.extensions.TestReporterExtension - Finishing test CalculatorTest/[1] 0, 2
After Each
]]></system-out>
  </testcase>
  <testcase name="shouldAddNumbersGivenOperand0(int, int)[2]" classname="CalculatorTest" time="0.001">
    <system-out><![CDATA[Before Each
10:38:36.323 [main] INFO  com.endava.extensions.TestReporterExtension - Starting test CalculatorTest/[2] 2, 0
2
10:38:36.323 [main] INFO  com.endava.extensions.TestReporterExtension - Finishing test CalculatorTest/[2] 2, 0
After Each
]]></system-out>
  </testcase>
  <testcase name="shouldAddNegativeNumbers" classname="CalculatorTest" time="0">
    <system-out><![CDATA[Before Each
10:38:36.325 [main] INFO  com.endava.extensions.TestReporterExtension - Starting test CalculatorTest/shouldAddNegativeNumbers()
-6
10:38:36.325 [main] INFO  com.endava.extensions.TestReporterExtension - Finishing test CalculatorTest/shouldAddNegativeNumbers()
After Each
]]></system-out>
  </testcase>
  <testcase name="shouldAddOneOperand" classname="CalculatorTest" time="0.001">
    <system-out><![CDATA[Before Each
10:38:36.326 [main] INFO  com.endava.extensions.TestReporterExtension - Starting test CalculatorTest/shouldAddOneOperand()
1
10:38:36.327 [main] INFO  com.endava.extensions.TestReporterExtension - Finishing test CalculatorTest/shouldAddOneOperand()
After Each
]]></system-out>
  </testcase>
</testsuite>