<?xml version="1.0" encoding="UTF-8"?>
<testsuite xmlns:xsi="http://www.w3.org/2001/XMLSchema-instance" xsi:noNamespaceSchemaLocation="https://maven.apache.org/surefire/maven-failsafe-plugin/xsd/failsafe-test-report-3.0.xsd" version="3.0" name="CalculatorIT" time="0.131" tests="11" errors="0" skipped="0" failures="0">
  <properties>
[...]
</properties>
  <testcase name="shouldMultiplyNoOperands" classname="CalculatorIT" time="0.057">
    <system-out><![CDATA[16:11:52.826 [main] INFO  com.endava.extensions.TestReporterExtension - Starting test shouldMultiplyNoOperands()
16:11:52.887 [main] INFO  com.endava.extensions.TestReporterExtension - Test shouldMultiplyNoOperands() finished with result: SUCCESSFUL 
]]></system-out>
  </testcase>
  <testcase name="shouldMultiplyPositiveOperands" classname="CalculatorIT" time="0.004">
    <system-out><![CDATA[16:11:52.891 [main] INFO  com.endava.extensions.TestReporterExtension - Starting test shouldMultiplyPositiveOperands()
16:11:52.895 [main] INFO  com.endava.extensions.TestReporterExtension - Test shouldMultiplyPositiveOperands() finished with result: SUCCESSFUL 
]]></system-out>
  </testcase>
  <testcase name="shouldMultiplyNegativeNumbers" classname="CalculatorIT" time="0.006">
    <system-out><![CDATA[16:11:52.899 [main] INFO  com.endava.extensions.TestReporterExtension - Starting test shouldMultiplyNegativeNumbers()
16:11:52.905 [main] INFO  com.endava.extensions.TestReporterExtension - Test shouldMultiplyNegativeNumbers() finished with result: SUCCESSFUL 
]]></system-out>
  </testcase>
  <testcase name="shouldPowGivenOperand0" classname="CalculatorIT" time="0">
    <system-out><![CDATA[16:11:52.905 [main] INFO  com.endava.extensions.TestReporterExtension - Starting test shouldPowGivenOperand0()
16:11:52.905 [main] INFO  com.endava.extensions.TestReporterExtension - Test shouldPowGivenOperand0() finished with result: SUCCESSFUL 
]]></system-out>
  </testcase>
  <testcase name="shouldPowGivenOperand1" classname="CalculatorIT" time="0">
    <system-out><![CDATA[16:11:52.909 [main] INFO  com.endava.extensions.TestReporterExtension - Starting test shouldPowGivenOperand1()
16:11:52.909 [main] INFO  com.endava.extensions.TestReporterExtension - Test shouldPowGivenOperand1() finished with result: SUCCESSFUL 
]]></system-out>
  </testcase>
  <testcase name="shouldMultiplyOperand1" classname="CalculatorIT" time="0.004">
    <system-out><![CDATA[16:11:52.913 [main] INFO  com.endava.extensions.TestReporterExtension - Starting test shouldMultiplyOperand1()
16:11:52.917 [main] INFO  com.endava.extensions.TestReporterExtension - Test shouldMultiplyOperand1() finished with result: SUCCESSFUL 
]]></system-out>
  </testcase>
  <testcase name="shouldMultiplyGivenOneOperand" classname="CalculatorIT" time="0.004">
    <system-out><![CDATA[16:11:52.917 [main] INFO  com.endava.extensions.TestReporterExtension - Starting test shouldMultiplyGivenOneOperand()
16:11:52.921 [main] INFO  com.endava.extensions.TestReporterExtension - Test shouldMultiplyGivenOneOperand() finished with result: SUCCESSFUL 
]]></system-out>
  </testcase>
  <testcase name="shouldPowGivenNegativeOperand" classname="CalculatorIT" time="0.004">
    <system-out><![CDATA[16:11:52.921 [main] INFO  com.endava.extensions.TestReporterExtension - Starting test shouldPowGivenNegativeOperand()
16:11:52.925 [main] INFO  com.endava.extensions.TestReporterExtension - Test shouldPowGivenNegativeOperand() finished with result: SUCCESSFUL 
]]></system-out>
  </testcase>
  <testcase name="shouldFactGivenPositiveNumber" classname="CalculatorIT" time="0.004">
    <system-out><![CDATA[16:11:52.925 [main] INFO  com.endava.extensions.TestReporterExtension - Starting test shouldFactGivenPositiveNumber()
16:11:52.929 [main] INFO  com.endava.extensions.TestReporterExtension - Test shouldFactGivenPositiveNumber() finished with result: SUCCESSFUL 
]]></system-out>
  </testcase>
  <testcase name="shouldPowGivenPositiveOperands" classname="CalculatorIT" time="0">
    <system-out><![CDATA[16:11:52.929 [main] INFO  com.endava.extensions.TestReporterExtension - Starting test shouldPowGivenPositiveOperands()
16:11:52.929 [main] INFO  com.endava.extensions.TestReporterExtension - Test shouldPowGivenPositiveOperands() finished with result: SUCCESSFUL 
]]></system-out>
  </testcase>
  <testcase name="shouldFactGivenOperand1" classname="CalculatorIT" time="0.003">
    <system-out><![CDATA[16:11:52.933 [main] INFO  com.endava.extensions.TestReporterExtension - Starting test shouldFactGivenOperand1()
16:11:52.936 [main] INFO  com.endava.extensions.TestReporterExtension - Test shouldFactGivenOperand1() finished with result: SUCCESSFUL 
]]></system-out>
  </testcase>
</testsuite>